camera/app/build/intermediates/manifest_merge_blame_file/debug/manifest-merger-blame-debug-report.txt
1<?xml version="1.0" encoding="utf-8"?>
2<manifest xmlns:android="http://schemas.android.com/apk/res/android"
3    package="com.android.samples.camera1"
4    android:versionCode="1"
5    android:versionName="1.0" >
6
7    <uses-sdk
8        android:minSdkVersion="19"
8-->src/main/AndroidManifest.xml
9        android:targetSdkVersion="29" />
9-->src/main/AndroidManifest.xml
10
11    <uses-permission android:name="android.permission.CAMERA" />
11-->src/main/AndroidManifest.xml:5:5-65
11-->src/main/AndroidManifest.xml:5:22-62
12    <uses-permission android:name="android.permission.WRITE_EXTERNAL_STORAGE" />
12-->src/main/AndroidManifest.xml:6:5-81
12-->src/main/AndroidManifest.xml:6:22-78
13
14    <uses-feature
14-->src/main/AndroidManifest.xml:7:5-78
15        android:glEsVersion="0x00020000"
15-->src/main/AndroidManifest.xml:7:19-51
16        android:required="true" />
16-->src/main/AndroidManifest.xml:7:52-75
17    <uses-feature
17-->src/main/AndroidManifest.xml:9:5-11:39
18        android:name="android.hardware.camera"
18-->src/main/AndroidManifest.xml:10:13-51
19        android:required="true" />
19-->src/main/AndroidManifest.xml:11:13-36
20
21    <application
21-->src/main/AndroidManifest.xml:13:5-36:19
22        android:allowBackup="true"
22-->src/main/AndroidManifest.xml:14:13-39
23        android:appComponentFactory="androidx.core.app.CoreComponentFactory"
23-->[androidx.core:core:1.1.0] AndroidManifest.xml:24:18-86
24        android:debuggable="true"
25        android:icon="@mipmap/ic_launcher"
25-->src/main/AndroidManifest.xml:15:13-47
26        android:label="@string/app_name"
26-->src/main/AndroidManifest.xml:16:13-45
27        android:roundIcon="@mipmap/ic_launcher_round"
27-->src/main/AndroidManifest.xml:17:13-58
28        android:supportsRtl="true"
28-->src/main/AndroidManifest.xml:18:13-39
29        android:theme="@style/AppTheme" >
29-->src/main/AndroidManifest.xml:19:13-44
30        <activity android:name="com.android.samples.camera1.OpenGLActivity" >
30-->src/main/AndroidManifest.xml:20:9-26:20
30-->src/main/AndroidManifest.xml:20:19-49
31            <intent-filter>
31-->src/main/AndroidManifest.xml:21:13-25:29
32                <action android:name="android.intent.action.MAIN" />
32-->src/main/AndroidManifest.xml:22:17-69
32-->src/main/AndroidManifest.xml:22:25-66
33
34                <category android:name="android.intent.category.LAUNCHER" />
34-->src/main/AndroidManifest.xml:24:17-77
34-->src/main/AndroidManifest.xml:24:27-74
35            </intent-filter>
36        </activity>
37        <!-- android:screenOrientation="portrait" -->
38        <!-- android:screenOrientation="reverseLandscape" -->
39        <activity android:name="com.android.samples.camera1.MainActivity" >
39-->src/main/AndroidManifest.xml:29:9-35:20
39-->src/main/AndroidManifest.xml:29:19-47
40
41            <!-- <intent-filter> -->
42            <!-- <action android:name="android.intent.action.MAIN" /> -->
43
44
45            <!-- <category android:name="android.intent.category.LAUNCHER" /> -->
46            <!-- </intent-filter> -->
47        </activity>
48    </application>
49
50</manifest>